#-----------------------------------------------------------
# Vivado v2016.2 (64-bit)
# SW Build 1577090 on Thu Jun  2 16:32:40 MDT 2016
# IP Build 1577682 on Fri Jun  3 12:00:54 MDT 2016
# Start of session at: Sat Dec 29 08:56:16 2018
# Process ID: 11640
# Current directory: C:/Users/53194/Desktop/pro9 10/project_789
# Command line: vivado.exe -gui_launcher_event rodinguilauncherevent9936 C:\Users\53194\Desktop\pro9 10\project_789\project_78.xpr
# Log file: C:/Users/53194/Desktop/pro9 10/project_789/vivado.log
# Journal file: C:/Users/53194/Desktop/pro9 10/project_789\vivado.jou
#-----------------------------------------------------------
start_gui
open_project {C:/Users/53194/Desktop/pro9 10/project_789/project_78.xpr}
Scanning sources...
Finished scanning sources
INFO: [IP_Flow 19-234] Refreshing IP repositories
INFO: [IP_Flow 19-1704] No user IP repositories specified
INFO: [IP_Flow 19-2313] Loaded Vivado IP repository 'J:/Xilinx/Vivado/2016.2/data/ip'.
open_project: Time (s): cpu = 00:00:18 ; elapsed = 00:00:21 . Memory (MB): peak = 744.914 ; gain = 83.191
update_compile_order -fileset sources_1
exit
INFO: [Common 17-206] Exiting Vivado at Sat Dec 29 15:59:19 2018...
