#-----------------------------------------------------------
# Vivado v2016.2 (64-bit)
# SW Build 1577090 on Thu Jun  2 16:32:40 MDT 2016
# IP Build 1577682 on Fri Jun  3 12:00:54 MDT 2016
# Start of session at: Sat Nov 17 21:01:41 2018
# Process ID: 8544
# Current directory: C:/Users/53194/Desktop/xxy (1)/xxy/project_56
# Command line: vivado.exe -gui_launcher_event rodinguilauncherevent8924 C:\Users\53194\Desktop\xxy (1)\xxy\project_56\project_56.xpr
# Log file: C:/Users/53194/Desktop/xxy (1)/xxy/project_56/vivado.log
# Journal file: C:/Users/53194/Desktop/xxy (1)/xxy/project_56\vivado.jou
#-----------------------------------------------------------
start_gui
open_project {C:/Users/53194/Desktop/xxy (1)/xxy/project_56/project_56.xpr}
INFO: [Project 1-313] Project file moved from 'C:/Users/53194/Desktop/xxy (1)/xxy/project_5' since last save.
Scanning sources...
Finished scanning sources
INFO: [IP_Flow 19-234] Refreshing IP repositories
INFO: [IP_Flow 19-1704] No user IP repositories specified
INFO: [IP_Flow 19-2313] Loaded Vivado IP repository 'J:/Xilinx/Vivado/2016.2/data/ip'.
open_project: Time (s): cpu = 00:00:27 ; elapsed = 00:00:12 . Memory (MB): peak = 840.297 ; gain = 158.879
update_compile_order -fileset sources_1
close [ open {C:/Users/53194/Desktop/xxy (1)/xxy/project_56/project_56.srcs/sources_1/new/signalChecker.v} w ]
add_files {{C:/Users/53194/Desktop/xxy (1)/xxy/project_56/project_56.srcs/sources_1/new/signalChecker.v}}
ERROR: [Vivado 12-385] Illegal file or directory name 'C:/Users/53194/Desktop/xxy (1)/xxy/project_56/project_56.srcs/sources_1/new/signalChecker.v'
close [ open {C:/Users/53194/Desktop/xxy (1)/xxy/project_56/project_56.srcs/sources_1/new/checker.v} w ]
add_files {{C:/Users/53194/Desktop/xxy (1)/xxy/project_56/project_56.srcs/sources_1/new/checker.v}}
ERROR: [Vivado 12-385] Illegal file or directory name 'C:/Users/53194/Desktop/xxy (1)/xxy/project_56/project_56.srcs/sources_1/new/checker.v'
close [ open {C:/Users/53194/Desktop/xxy (1)/xxy/project_56/project_56.srcs/sources_1/new/gfgt.v} w ]
add_files {{C:/Users/53194/Desktop/xxy (1)/xxy/project_56/project_56.srcs/sources_1/new/gfgt.v}}
ERROR: [Vivado 12-385] Illegal file or directory name 'C:/Users/53194/Desktop/xxy (1)/xxy/project_56/project_56.srcs/sources_1/new/gfgt.v'
exit
INFO: [Common 17-206] Exiting Vivado at Sat Nov 17 21:06:53 2018...
