Exception at PC 0x00007FFEABA9A388
Exception at PC 0x00007FFEABA9A388
Exception at PC 0x00007FFEABA9A388
Exception at PC 0x00007FFEABA9A388
Unable to capture context for thread 2448 in process 3756, can not generate back trace
Exception at PC 0x00007FFE3BA9BB93
Printing stacktrace...

Unable to capture context for thread 2448 in process 3756, can not generate back trace
Exception at PC 0x00007FFEABA9A388
Exception at PC 0x00007FFEABA9A388
Exception at PC 0x00007FFEABA9A388
Exception at PC 0x00007FFEABA9A388
[0]  [0x00007FFE3BA9BB93]
[1]  [0x00007FFE3BA9BB93]
[2]  [0x00007FFE3BA9B4A1]
[3]  [0x00007FFE3BA9B3EF]
[4]  [0x00007FFE3BA819FE]
[5]  [0x00007FFE3BA80ED1]
[6]  [0x00007FFE3BA80D76]
[7]  [0x00007FFE3BA279F6]
[8]  [0x00007FFE3BA17AFB]
[9]  [0x00007FFE3BB3E90A]
[10]  [0x00007FFE3BB59F87]
[11]  [0x00007FFE3BB5A05F]
[12] (BaseThreadInitThunk+0x14) [0x00007FFEACD63034]
[13] (RtlUserThreadStart+0x21) [0x00007FFEAF1F1461]
Done
Exception at PC 0x00007FFEABA9A388
Exception at PC 0x00007FFEABA9A388
Exception at PC 0x00007FFEABA9A388
Exception at PC 0x00007FFEABA9A388
Exception at PC 0x00007FFEABA9A388
Exception at PC 0x00007FFEABA9A388
Exception at PC 0x00007FFEABA9A388
Exception at PC 0x00007FFEABA9A388
Exception at PC 0x00007FFEABA9A388
Exception at PC 0x00007FFEABA9A388
Exception at PC 0x00007FFEABA9A388
Exception at PC 0x00007FFEABA9A388
Exception at PC 0x00007FFEABA9A388
Exception at PC 0x00007FFEABA9A388
Exception at PC 0x00007FFEABA9A388
Exception at PC 0x00007FFEABA9A388
Exception at PC 0x00007FFEABA9A388
Exception at PC 0x00007FFEABA9A388
