Unable to capture context for thread 292 in process 6836, can not generate back trace
Exception at PC 0x000007FEB676BB93
Printing stacktrace...

Unable to capture context for thread 4888 in process 6836, can not generate back trace
Exception at PC 0x000007FEFD9CBDED
Exception at PC 0x000007FEFD9CBDED
Exception at PC 0x000007FEFD9CBDED
Exception at PC 0x000007FEFD9CBDED
Exception at PC 0x000007FEFD9CBDED
Exception at PC 0x000007FEFD9CBDED
Exception at PC 0x000007FEFD9CBDED
Exception at PC 0x000007FEFD9CBDED
Exception at PC 0x000007FEFD9CBDED
Exception at PC 0x000007FEFD9CBDED
Exception at PC 0x000007FEFD9CBDED
Exception at PC 0x000007FEFD9CBDED
Exception at PC 0x000007FEFD9CBDED
Exception at PC 0x000007FEFD9CBDED
Exception at PC 0x000007FEFD9CBDED
Exception at PC 0x000007FEFD9CBDED
Exception at PC 0x000007FEFD9CBDED
Exception at PC 0x000007FEFD9CBDED
[0]  [0x000007FEB676BB93]
[1]  [0x000007FEB676BB93]
[2]  [0x000007FEB676B4A1]
[3]  [0x000007FEB676B3EF]
[4]  [0x000007FEB67519FE]
[5]  [0x000007FEB6750ED1]
[6]  [0x000007FEB6750D76]
[7]  [0x000007FEB66F79F6]
[8]  [0x000007FEB66E7AFB]
[9]  [0x000007FEB680E90A]
[10]  [0x000007FEB6829F87]
[11]  [0x000007FEB682A05F]
[12] (BaseThreadInitThunk+0xd) [0x0000000077A759CD]
[13] (RtlUserThreadStart+0x1d) [0x0000000077CD385D]
Done
