Exception at PC 0x00007FFEABA9A388
Exception at PC 0x00007FFEABA9A388
Exception at PC 0x00007FFEABA9A388
Exception at PC 0x00007FFEABA9A388
Unable to capture context for thread 5928 in process 13152, can not generate back trace
Exception at PC 0x00007FFE2A24BB93
Printing stacktrace...

Exception at PC 0x00007FFEABA9A388
Exception at PC 0x00007FFEABA9A388
Exception at PC 0x00007FFEABA9A388
Exception at PC 0x00007FFEABA9A388
[0]  [0x00007FFE2A24BB93]
[1]  [0x00007FFE2A24BB93]
[2]  [0x00007FFE2A24B4A1]
[3]  [0x00007FFE2A24B3EF]
[4]  [0x00007FFE2A2319FE]
[5]  [0x00007FFE2A230ED1]
[6]  [0x00007FFE2A230D76]
[7]  [0x00007FFE2A1D79F6]
[8]  [0x00007FFE2A1C7AFB]
[9]  [0x00007FFE2A2EE90A]
[10]  [0x00007FFE2A309F87]
[11]  [0x00007FFE2A30A05F]
[12] (BaseThreadInitThunk+0x14) [0x00007FFEACD63034]
[13] (RtlUserThreadStart+0x21) [0x00007FFEAF1F1461]
Done
Exception at PC 0x00007FFEABA9A388
Exception at PC 0x00007FFEABA9A388
Exception at PC 0x00007FFEABA9A388
Exception at PC 0x00007FFEABA9A388
Exception at PC 0x00007FFEABA9A388
Exception at PC 0x00007FFEABA9A388
Exception at PC 0x00007FFEABA9A388
Exception at PC 0x00007FFEABA9A388
Exception at PC 0x00007FFEABA9A388
Exception at PC 0x00007FFEABA9A388
Exception at PC 0x00007FFEABA9A388
Exception at PC 0x00007FFEABA9A388
Exception at PC 0x00007FFEABA9A388
Exception at PC 0x00007FFEABA9A388
Exception at PC 0x00007FFEABA9A388
Exception at PC 0x00007FFEABA9A388
Exception at PC 0x00007FFEABA9A388
Exception at PC 0x00007FFEABA9A388
